{"/home/coder/sources/appollo/public-clothes-store-demo/templates/packages/domain/src/company/company-repository.port.ts": {"path":"/home/coder/sources/appollo/public-clothes-store-demo/templates/packages/domain/src/company/company-repository.port.ts","all":true,"statementMap":{"16":{"start":{"line":17,"column":0},"end":{"line":17,"column":63}}},"s":{"16":0},"branchMap":{"0":{"type":"branch","line":1,"loc":{"start":{"line":1,"column":731},"end":{"line":17,"column":63}},"locations":[{"start":{"line":1,"column":731},"end":{"line":17,"column":63}}]}},"b":{"0":[1]},"fnMap":{"0":{"name":"(empty-report)","decl":{"start":{"line":1,"column":731},"end":{"line":17,"column":63}},"loc":{"start":{"line":1,"column":731},"end":{"line":17,"column":63}},"line":1}},"f":{"0":1}}
,"/home/coder/sources/appollo/public-clothes-store-demo/templates/packages/domain/src/company/company-user-repository.port.ts": {"path":"/home/coder/sources/appollo/public-clothes-store-demo/templates/packages/domain/src/company/company-user-repository.port.ts","all":true,"statementMap":{"19":{"start":{"line":20,"column":0},"end":{"line":20,"column":72}}},"s":{"19":0},"branchMap":{"0":{"type":"branch","line":1,"loc":{"start":{"line":1,"column":1112},"end":{"line":20,"column":72}},"locations":[{"start":{"line":1,"column":1112},"end":{"line":20,"column":72}}]}},"b":{"0":[1]},"fnMap":{"0":{"name":"(empty-report)","decl":{"start":{"line":1,"column":1112},"end":{"line":20,"column":72}},"loc":{"start":{"line":1,"column":1112},"end":{"line":20,"column":72}},"line":1}},"f":{"0":1}}
,"/home/coder/sources/appollo/public-clothes-store-demo/templates/packages/domain/src/company/company-user.ts": {"path":"/home/coder/sources/appollo/public-clothes-store-demo/templates/packages/domain/src/company/company-user.ts","all":false,"statementMap":{"0":{"start":{"line":1,"column":0},"end":{"line":1,"column":41}},"2":{"start":{"line":3,"column":0},"end":{"line":3,"column":54}},"52":{"start":{"line":53,"column":0},"end":{"line":53,"column":79}},"53":{"start":{"line":54,"column":0},"end":{"line":54,"column":58}},"54":{"start":{"line":55,"column":0},"end":{"line":55,"column":97}},"55":{"start":{"line":56,"column":0},"end":{"line":56,"column":3}},"56":{"start":{"line":57,"column":0},"end":{"line":57,"column":64}},"57":{"start":{"line":58,"column":0},"end":{"line":58,"column":100}},"58":{"start":{"line":59,"column":0},"end":{"line":59,"column":3}},"59":{"start":{"line":60,"column":0},"end":{"line":60,"column":56}},"60":{"start":{"line":61,"column":0},"end":{"line":61,"column":97}},"61":{"start":{"line":62,"column":0},"end":{"line":62,"column":3}},"63":{"start":{"line":64,"column":0},"end":{"line":64,"column":25}},"64":{"start":{"line":65,"column":0},"end":{"line":65,"column":10}},"65":{"start":{"line":66,"column":0},"end":{"line":66,"column":33}},"66":{"start":{"line":67,"column":0},"end":{"line":67,"column":25}},"67":{"start":{"line":68,"column":0},"end":{"line":68,"column":31}},"68":{"start":{"line":69,"column":0},"end":{"line":69,"column":21}},"69":{"start":{"line":70,"column":0},"end":{"line":70,"column":37}},"70":{"start":{"line":71,"column":0},"end":{"line":71,"column":38}},"71":{"start":{"line":72,"column":0},"end":{"line":72,"column":38}},"72":{"start":{"line":73,"column":0},"end":{"line":73,"column":4}},"73":{"start":{"line":74,"column":0},"end":{"line":74,"column":1}}},"s":{"0":1,"2":1,"52":1,"53":9,"54":2,"55":2,"56":9,"57":1,"58":1,"59":9,"60":2,"61":2,"63":4,"64":4,"65":4,"66":9,"67":9,"68":9,"69":9,"70":9,"71":9,"72":9,"73":9},"branchMap":{"0":{"type":"branch","line":53,"loc":{"start":{"line":53,"column":7},"end":{"line":74,"column":1}},"locations":[{"start":{"line":53,"column":7},"end":{"line":74,"column":1}}]},"1":{"type":"branch","line":54,"loc":{"start":{"line":54,"column":13},"end":{"line":54,"column":57}},"locations":[{"start":{"line":54,"column":13},"end":{"line":54,"column":57}}]},"2":{"type":"branch","line":54,"loc":{"start":{"line":54,"column":57},"end":{"line":56,"column":3}},"locations":[{"start":{"line":54,"column":57},"end":{"line":56,"column":3}}]},"3":{"type":"branch","line":56,"loc":{"start":{"line":56,"column":2},"end":{"line":57,"column":26}},"locations":[{"start":{"line":56,"column":2},"end":{"line":57,"column":26}}]},"4":{"type":"branch","line":57,"loc":{"start":{"line":57,"column":13},"end":{"line":57,"column":63}},"locations":[{"start":{"line":57,"column":13},"end":{"line":57,"column":63}}]},"5":{"type":"branch","line":57,"loc":{"start":{"line":57,"column":63},"end":{"line":59,"column":3}},"locations":[{"start":{"line":57,"column":63},"end":{"line":59,"column":3}}]},"6":{"type":"branch","line":59,"loc":{"start":{"line":59,"column":2},"end":{"line":60,"column":39}},"locations":[{"start":{"line":59,"column":2},"end":{"line":60,"column":39}}]},"7":{"type":"branch","line":60,"loc":{"start":{"line":60,"column":34},"end":{"line":60,"column":55}},"locations":[{"start":{"line":60,"column":34},"end":{"line":60,"column":55}}]},"8":{"type":"branch","line":60,"loc":{"start":{"line":60,"column":55},"end":{"line":62,"column":3}},"locations":[{"start":{"line":60,"column":55},"end":{"line":62,"column":3}}]},"9":{"type":"branch","line":62,"loc":{"start":{"line":62,"column":2},"end":{"line":66,"column":33}},"locations":[{"start":{"line":62,"column":2},"end":{"line":66,"column":33}}]},"10":{"type":"branch","line":70,"loc":{"start":{"line":70,"column":18},"end":{"line":70,"column":37}},"locations":[{"start":{"line":70,"column":18},"end":{"line":70,"column":37}}]},"11":{"type":"branch","line":71,"loc":{"start":{"line":71,"column":21},"end":{"line":71,"column":38}},"locations":[{"start":{"line":71,"column":21},"end":{"line":71,"column":38}}]},"12":{"type":"branch","line":72,"loc":{"start":{"line":72,"column":21},"end":{"line":72,"column":38}},"locations":[{"start":{"line":72,"column":21},"end":{"line":72,"column":38}}]}},"b":{"0":[9],"1":[8],"2":[2],"3":[7],"4":[6],"5":[1],"6":[6],"7":[5],"8":[2],"9":[4],"10":[3],"11":[4],"12":[4]},"fnMap":{"0":{"name":"createCompanyUser","decl":{"start":{"line":53,"column":7},"end":{"line":74,"column":1}},"loc":{"start":{"line":53,"column":7},"end":{"line":74,"column":1}},"line":53}},"f":{"0":9}}
,"/home/coder/sources/appollo/public-clothes-store-demo/templates/packages/domain/src/company/company.ts": {"path":"/home/coder/sources/appollo/public-clothes-store-demo/templates/packages/domain/src/company/company.ts","all":true,"statementMap":{},"s":{},"branchMap":{"0":{"type":"branch","line":1,"loc":{"start":{"line":1,"column":1004},"end":{"line":22,"column":1}},"locations":[{"start":{"line":1,"column":1004},"end":{"line":22,"column":1}}]}},"b":{"0":[1]},"fnMap":{"0":{"name":"(empty-report)","decl":{"start":{"line":1,"column":1004},"end":{"line":22,"column":1}},"loc":{"start":{"line":1,"column":1004},"end":{"line":22,"column":1}},"line":1}},"f":{"0":1}}
,"/home/coder/sources/appollo/public-clothes-store-demo/templates/packages/domain/src/company/errors.ts": {"path":"/home/coder/sources/appollo/public-clothes-store-demo/templates/packages/domain/src/company/errors.ts","all":false,"statementMap":{"8":{"start":{"line":9,"column":0},"end":{"line":9,"column":53}},"9":{"start":{"line":10,"column":0},"end":{"line":10,"column":32}},"10":{"start":{"line":11,"column":0},"end":{"line":11,"column":19}},"11":{"start":{"line":12,"column":0},"end":{"line":12,"column":43}},"12":{"start":{"line":13,"column":0},"end":{"line":13,"column":3}},"13":{"start":{"line":14,"column":0},"end":{"line":14,"column":1}},"16":{"start":{"line":17,"column":0},"end":{"line":17,"column":50}},"17":{"start":{"line":18,"column":0},"end":{"line":18,"column":32}},"18":{"start":{"line":19,"column":0},"end":{"line":19,"column":19}},"19":{"start":{"line":20,"column":0},"end":{"line":20,"column":40}},"20":{"start":{"line":21,"column":0},"end":{"line":21,"column":3}},"21":{"start":{"line":22,"column":0},"end":{"line":22,"column":1}},"30":{"start":{"line":31,"column":0},"end":{"line":31,"column":52}},"31":{"start":{"line":32,"column":0},"end":{"line":32,"column":32}},"32":{"start":{"line":33,"column":0},"end":{"line":33,"column":19}},"33":{"start":{"line":34,"column":0},"end":{"line":34,"column":42}},"34":{"start":{"line":35,"column":0},"end":{"line":35,"column":3}},"35":{"start":{"line":36,"column":0},"end":{"line":36,"column":1}},"38":{"start":{"line":39,"column":0},"end":{"line":39,"column":52}},"39":{"start":{"line":40,"column":0},"end":{"line":40,"column":32}},"40":{"start":{"line":41,"column":0},"end":{"line":41,"column":19}},"41":{"start":{"line":42,"column":0},"end":{"line":42,"column":42}},"42":{"start":{"line":43,"column":0},"end":{"line":43,"column":3}},"43":{"start":{"line":44,"column":0},"end":{"line":44,"column":1}}},"s":{"8":1,"9":1,"10":1,"11":1,"12":1,"13":1,"16":1,"17":1,"18":1,"19":1,"20":1,"21":1,"30":1,"31":1,"32":0,"33":0,"34":0,"35":1,"38":1,"39":1,"40":5,"41":5,"42":5,"43":1},"branchMap":{"0":{"type":"branch","line":10,"loc":{"start":{"line":10,"column":2},"end":{"line":13,"column":3}},"locations":[{"start":{"line":10,"column":2},"end":{"line":13,"column":3}}]},"1":{"type":"branch","line":18,"loc":{"start":{"line":18,"column":2},"end":{"line":21,"column":3}},"locations":[{"start":{"line":18,"column":2},"end":{"line":21,"column":3}}]},"2":{"type":"branch","line":40,"loc":{"start":{"line":40,"column":2},"end":{"line":43,"column":3}},"locations":[{"start":{"line":40,"column":2},"end":{"line":43,"column":3}}]}},"b":{"0":[1],"1":[1],"2":[5]},"fnMap":{"0":{"name":"NoCompanyConfiguredError","decl":{"start":{"line":10,"column":2},"end":{"line":13,"column":3}},"loc":{"start":{"line":10,"column":2},"end":{"line":13,"column":3}},"line":10},"1":{"name":"AmbiguousCompanyError","decl":{"start":{"line":18,"column":2},"end":{"line":21,"column":3}},"loc":{"start":{"line":18,"column":2},"end":{"line":21,"column":3}},"line":18},"2":{"name":"MissingCompanyUserError","decl":{"start":{"line":32,"column":2},"end":{"line":35,"column":3}},"loc":{"start":{"line":32,"column":2},"end":{"line":35,"column":3}},"line":32},"3":{"name":"InvalidCompanyUserError","decl":{"start":{"line":40,"column":2},"end":{"line":43,"column":3}},"loc":{"start":{"line":40,"column":2},"end":{"line":43,"column":3}},"line":40}},"f":{"0":1,"1":1,"2":0,"3":5}}
,"/home/coder/sources/appollo/public-clothes-store-demo/templates/packages/domain/src/company/index.ts": {"path":"/home/coder/sources/appollo/public-clothes-store-demo/templates/packages/domain/src/company/index.ts","all":true,"statementMap":{"0":{"start":{"line":1,"column":0},"end":{"line":1,"column":29}},"1":{"start":{"line":2,"column":0},"end":{"line":2,"column":34}},"2":{"start":{"line":3,"column":0},"end":{"line":3,"column":42}},"3":{"start":{"line":4,"column":0},"end":{"line":4,"column":45}},"4":{"start":{"line":5,"column":0},"end":{"line":5,"column":50}},"5":{"start":{"line":6,"column":0},"end":{"line":6,"column":28}}},"s":{"0":0,"1":0,"2":0,"3":0,"4":0,"5":0},"branchMap":{"0":{"type":"branch","line":1,"loc":{"start":{"line":1,"column":0},"end":{"line":6,"column":-141}},"locations":[{"start":{"line":1,"column":0},"end":{"line":6,"column":-141}}]}},"b":{"0":[0]},"fnMap":{"0":{"name":"(empty-report)","decl":{"start":{"line":1,"column":0},"end":{"line":6,"column":-141}},"loc":{"start":{"line":1,"column":0},"end":{"line":6,"column":-141}},"line":1}},"f":{"0":0}}
,"/home/coder/sources/appollo/public-clothes-store-demo/templates/packages/domain/src/company/resolve-sole-company.ts": {"path":"/home/coder/sources/appollo/public-clothes-store-demo/templates/packages/domain/src/company/resolve-sole-company.ts","all":false,"statementMap":{"1":{"start":{"line":2,"column":0},"end":{"line":2,"column":78}},"12":{"start":{"line":13,"column":0},"end":{"line":13,"column":76}},"13":{"start":{"line":14,"column":0},"end":{"line":14,"column":31}},"14":{"start":{"line":15,"column":0},"end":{"line":15,"column":101}},"15":{"start":{"line":16,"column":0},"end":{"line":16,"column":3}},"16":{"start":{"line":17,"column":0},"end":{"line":17,"column":29}},"17":{"start":{"line":18,"column":0},"end":{"line":18,"column":36}},"18":{"start":{"line":19,"column":0},"end":{"line":19,"column":86}},"19":{"start":{"line":20,"column":0},"end":{"line":20,"column":6}},"20":{"start":{"line":21,"column":0},"end":{"line":21,"column":3}},"21":{"start":{"line":22,"column":0},"end":{"line":22,"column":22}},"22":{"start":{"line":23,"column":0},"end":{"line":23,"column":1}}},"s":{"1":1,"12":1,"13":3,"14":1,"15":1,"16":3,"17":1,"18":1,"19":1,"20":1,"21":1,"22":1},"branchMap":{"0":{"type":"branch","line":13,"loc":{"start":{"line":13,"column":7},"end":{"line":23,"column":1}},"locations":[{"start":{"line":13,"column":7},"end":{"line":23,"column":1}}]},"1":{"type":"branch","line":14,"loc":{"start":{"line":14,"column":30},"end":{"line":16,"column":3}},"locations":[{"start":{"line":14,"column":30},"end":{"line":16,"column":3}}]},"2":{"type":"branch","line":16,"loc":{"start":{"line":16,"column":2},"end":{"line":17,"column":28}},"locations":[{"start":{"line":16,"column":2},"end":{"line":17,"column":28}}]},"3":{"type":"branch","line":17,"loc":{"start":{"line":17,"column":28},"end":{"line":23,"column":1}},"locations":[{"start":{"line":17,"column":28},"end":{"line":23,"column":1}}]}},"b":{"0":[3],"1":[1],"2":[2],"3":[1]},"fnMap":{"0":{"name":"resolveSoleCompany","decl":{"start":{"line":13,"column":7},"end":{"line":23,"column":1}},"loc":{"start":{"line":13,"column":7},"end":{"line":23,"column":1}},"line":13}},"f":{"0":3}}
}
